<?xml version="1.0" encoding="UTF-8"?>
<testsuite xmlns:xsi="http://www.w3.org/2001/XMLSchema-instance" xsi:noNamespaceSchemaLocation="https://maven.apache.org/surefire/maven-surefire-plugin/xsd/surefire-test-report-3.0.xsd" version="3.0" name="com.shopnexus.controller.OrderControllerIntegrationTest" time="4.221" tests="1" errors="0" skipped="0" failures="0">
  <properties>
[...]
</properties>
  <testcase name="createOrderAndFetchByUserShouldWork" classname="com.shopnexus.controller.OrderControllerIntegrationTest" time="3.796">
    <system-out><![CDATA[2026-04-21T18:44:17.666+05:30  INFO 31936 --- [           main] t.c.s.AnnotationConfigContextLoaderUtils : Could not detect default configuration classes for test class [com.shopnexus.controller.OrderControllerIntegrationTest]: OrderControllerIntegrationTest does not declare any static, non-private, non-final, nested classes annotated with @Configuration.
2026-04-21T18:44:17.924+05:30  INFO 31936 --- [           main] .b.t.c.SpringBootTestContextBootstrapper : Found @SpringBootConfiguration com.shopnexus.ShopNexusApplication for test class com.shopnexus.controller.OrderControllerIntegrationTest
2026-04-21T18:44:18.340+05:30 DEBUG 31936 --- [           main] o.s.security.web.FilterChainProxy        : Securing POST /api/orders
2026-04-21T18:44:18.434+05:30 DEBUG 31936 --- [           main] o.s.s.w.a.AnonymousAuthenticationFilter  : Set SecurityContextHolder to anonymous SecurityContext
2026-04-21T18:44:18.464+05:30 DEBUG 31936 --- [           main] o.s.security.web.FilterChainProxy        : Secured POST /api/orders
Hibernate: select u1_0.id,u1_0.email,u1_0.password,r1_0.user_id,r1_0.roles,u1_0.username from users u1_0 left join user_roles r1_0 on u1_0.id=r1_0.user_id where u1_0.id=?
Hibernate: select p1_0.id,p1_0.category,p1_0.description,p1_0.image_url,p1_0.name,p1_0.price,p1_0.stock,v1_0.id,v1_0.email,v1_0.password,r1_0.user_id,r1_0.roles,v1_0.username from products p1_0 left join users v1_0 on v1_0.id=p1_0.vendor_id left join user_roles r1_0 on v1_0.id=r1_0.user_id where p1_0.id=?
Hibernate: select p1_0.id,p1_0.category,p1_0.description,p1_0.image_url,p1_0.name,p1_0.price,p1_0.stock,v1_0.id,v1_0.email,v1_0.password,r1_0.user_id,r1_0.roles,v1_0.username from products p1_0 left join users v1_0 on v1_0.id=p1_0.vendor_id left join user_roles r1_0 on v1_0.id=r1_0.user_id where p1_0.id=?
Hibernate: insert into orders (customer_id,order_date,status,total_amount,id) values (?,?,?,?,default)
Hibernate: insert into order_items (order_id,price_at_order,product_id,quantity,id) values (?,?,?,?,default)
Hibernate: insert into order_items (order_id,price_at_order,product_id,quantity,id) values (?,?,?,?,default)
2026-04-21T18:44:21.420+05:30 DEBUG 31936 --- [           main] o.s.security.web.FilterChainProxy        : Securing GET /api/orders/user/1
2026-04-21T18:44:21.422+05:30 DEBUG 31936 --- [           main] o.s.s.w.a.AnonymousAuthenticationFilter  : Set SecurityContextHolder to anonymous SecurityContext
2026-04-21T18:44:21.423+05:30 DEBUG 31936 --- [           main] o.s.security.web.FilterChainProxy        : Secured GET /api/orders/user/1
Hibernate: select o1_0.id,o1_0.customer_id,o1_0.order_date,o1_0.status,o1_0.total_amount from orders o1_0 where o1_0.customer_id=?
Hibernate: select u1_0.id,u1_0.email,u1_0.password,r1_0.user_id,r1_0.roles,u1_0.username from users u1_0 left join user_roles r1_0 on u1_0.id=r1_0.user_id where u1_0.id=?
Hibernate: select i1_0.order_id,i1_0.id,i1_0.price_at_order,p1_0.id,p1_0.category,p1_0.description,p1_0.image_url,p1_0.name,p1_0.price,p1_0.stock,v1_0.id,v1_0.email,v1_0.password,v1_0.username,i1_0.quantity from order_items i1_0 left join products p1_0 on p1_0.id=i1_0.product_id left join users v1_0 on v1_0.id=p1_0.vendor_id where i1_0.order_id=?
Hibernate: select r1_0.user_id,r1_0.roles from user_roles r1_0 where r1_0.user_id=?
]]></system-out>
  </testcase>
</testsuite>